2026-01-07 02:24:27.698 atprotopds[35527:6549120] ATProto PDS Starting...
2026-01-07 02:24:27.706 atprotopds[35527:6549120] ATProto PDS running on port 2583
2026-01-07 02:24:27.706 atprotopds[35527:6549120] XRPC endpoint: /xrpc/*
2026-01-07 02:24:27.706 atprotopds[35527:6549120] Press Ctrl+C to stop
2026-01-07 02:24:27.707 atprotopds[35527:6549120] HTTPServer listening on port 2583
*** Terminating app due to uncaught exception 'NSInvalidArgumentException', reason: '-[PDSController createSessionForIdentifier:password:handle:did:error:]: unrecognized selector sent to instance 0x10498f050'
*** First throw call stack:
(
	0   CoreFoundation                      0x0000000193a498dc __exceptionPreprocess + 176
	1   libobjc.A.dylib                     0x0000000193522418 objc_exception_throw + 88
	2   CoreFoundation                      0x0000000193b29dd4 +[NSObject(NSObject) instanceMethodSignatureForSelector:] + 0
	3   CoreFoundation                      0x00000001939e6ef8 ___forwarding___ + 1480
	4   CoreFoundation                      0x00000001939e6870 _CF_forwarding_prep_0 + 96
	5   atprotopds                          0x0000000104300e24 __63+[XrpcMethodRegistry registerMethodsWithDispatcher:controller:]_block_invoke.19 + 552
	6   atprotopds                          0x00000001042ff9d0 -[XrpcDispatcher handleRequest:response:] + 892
	7   atprotopds                          0x000000010431dedc __main_block_invoke + 100
	8   atprotopds                          0x00000001042fe2b8 -[HttpServer dispatchRequest:] + 1232
	9   atprotopds                          0x00000001042fdc2c -[HttpServer parseRequest:fromConnection:] + 784
	10  atprotopds                          0x00000001042fd588 __40-[HttpServer readRequestFromConnection:]_block_invoke + 248
	11  libdispatch.dylib                   0x00000001937b04d0 _dispatch_block_async_invoke2 + 148
	12  libdispatch.dylib                   0x00000001937baac4 _dispatch_client_callout + 16
	13  libdispatch.dylib                   0x00000001937a94e8 _dispatch_lane_serial_drain + 740
	14  libdispatch.dylib                   0x00000001937a9fc4 _dispatch_lane_invoke + 388
	15  libdispatch.dylib                   0x00000001937b4474 _dispatch_root_queue_drain_deferred_wlh + 292
	16  libdispatch.dylib                   0x00000001937b3d6c _dispatch_workloop_worker_thread + 692
	17  libsystem_pthread.dylib             0x0000000193959e4c _pthread_wqthread + 292
	18  libsystem_pthread.dylib             0x0000000193958b9c start_wqthread + 8
)
libc++abi: terminating due to uncaught exception of type NSException
