[2026-05-15T20:33:44.712Z] POST-COMMIT: 96446472 "refactor: eliminate @synchronized, DISPATCH_TIME_F" - Run: deciduous add outcome "..." --commit HEAD
[2026-05-16T15:22:55.581Z] POST-COMMIT: 3174169f "tests: fix XrpcProxyTests for non-protected proxia" - Run: deciduous add outcome "..." --commit HEAD
[2026-05-16T15:40:44.111Z] POST-COMMIT: e623a3aa "feat: add ASCII art root endpoints to Germ and Cha" - Run: deciduous add outcome "..." --commit HEAD
[2026-05-16T16:34:53.304Z] POST-COMMIT: 3f5eb9fe "feat(chat): add did:web DID document support and d" - Run: deciduous add outcome "..." --commit HEAD
[2026-05-18T16:55:33.802Z] POST-COMMIT: 42a45e7f "feat: add JSR packages (laweta, gruszka, schemat, " - Run: deciduous add outcome "..." --commit HEAD
[2026-05-18T17:06:46.301Z] POST-COMMIT: 3bd1a0ec "fix: remove root tsconfig.json (interferes with De" - Run: deciduous add outcome "..." --commit HEAD
[2026-05-18T17:16:21.371Z] POST-COMMIT: 05eaedef "fix: resolve all remaining type errors across scri" - Run: deciduous add outcome "..." --commit HEAD
[2026-05-19T04:38:03.221Z] REMINDER: No recent action/goal node found. Run: deciduous add goal "..." or deciduous add action "..."
[2026-05-19T04:38:32.781Z] REMINDER: No recent action/goal node found. Run: deciduous add goal "..." or deciduous add action "..."
[2026-05-19T04:38:36.621Z] REMINDER: No recent action/goal node found. Run: deciduous add goal "..." or deciduous add action "..."
[2026-05-19T04:38:53.938Z] REMINDER: No recent action/goal node found. Run: deciduous add goal "..." or deciduous add action "..."
[2026-05-19T04:38:58.356Z] REMINDER: No recent action/goal node found. Run: deciduous add goal "..." or deciduous add action "..."
[2026-05-19T04:40:41.738Z] REMINDER: No recent action/goal node found. Run: deciduous add goal "..." or deciduous add action "..."
[2026-05-19T04:40:45.611Z] REMINDER: No recent action/goal node found. Run: deciduous add goal "..." or deciduous add action "..."
[2026-05-19T04:40:48.977Z] REMINDER: No recent action/goal node found. Run: deciduous add goal "..." or deciduous add action "..."
[2026-05-19T04:41:20.967Z] REMINDER: No recent action/goal node found. Run: deciduous add goal "..." or deciduous add action "..."
[2026-05-19T04:41:23.844Z] REMINDER: No recent action/goal node found. Run: deciduous add goal "..." or deciduous add action "..."
[2026-05-19T04:41:33.718Z] REMINDER: No recent action/goal node found. Run: deciduous add goal "..." or deciduous add action "..."
[2026-05-19T04:41:39.140Z] REMINDER: No recent action/goal node found. Run: deciduous add goal "..." or deciduous add action "..."
[2026-05-19T04:41:48.237Z] REMINDER: No recent action/goal node found. Run: deciduous add goal "..." or deciduous add action "..."
[2026-05-19T04:42:26.946Z] REMINDER: No recent action/goal node found. Run: deciduous add goal "..." or deciduous add action "..."
[2026-05-19T04:42:35.391Z] REMINDER: No recent action/goal node found. Run: deciduous add goal "..." or deciduous add action "..."
[2026-05-19T04:43:12.667Z] REMINDER: No recent action/goal node found. Run: deciduous add goal "..." or deciduous add action "..."
[2026-05-19T04:43:23.651Z] REMINDER: No recent action/goal node found. Run: deciduous add goal "..." or deciduous add action "..."
[2026-05-19T04:43:26.684Z] REMINDER: No recent action/goal node found. Run: deciduous add goal "..." or deciduous add action "..."
[2026-05-19T04:43:30.492Z] REMINDER: No recent action/goal node found. Run: deciduous add goal "..." or deciduous add action "..."
[2026-05-19T04:43:33.869Z] REMINDER: No recent action/goal node found. Run: deciduous add goal "..." or deciduous add action "..."
[2026-05-19T04:44:03.648Z] REMINDER: No recent action/goal node found. Run: deciduous add goal "..." or deciduous add action "..."
[2026-05-19T04:44:06.944Z] REMINDER: No recent action/goal node found. Run: deciduous add goal "..." or deciduous add action "..."
[2026-05-19T04:44:22.878Z] REMINDER: No recent action/goal node found. Run: deciduous add goal "..." or deciduous add action "..."
[2026-05-19T04:44:48.760Z] REMINDER: No recent action/goal node found. Run: deciduous add goal "..." or deciduous add action "..."
[2026-05-19T04:45:02.680Z] REMINDER: No recent action/goal node found. Run: deciduous add goal "..." or deciduous add action "..."
[2026-05-19T04:45:19.865Z] REMINDER: No recent action/goal node found. Run: deciduous add goal "..." or deciduous add action "..."
[2026-05-19T04:45:30.549Z] REMINDER: No recent action/goal node found. Run: deciduous add goal "..." or deciduous add action "..."
[2026-05-19T04:45:35.037Z] REMINDER: No recent action/goal node found. Run: deciduous add goal "..." or deciduous add action "..."
[2026-05-19T04:45:52.491Z] REMINDER: No recent action/goal node found. Run: deciduous add goal "..." or deciduous add action "..."
[2026-05-19T04:45:57.926Z] REMINDER: No recent action/goal node found. Run: deciduous add goal "..." or deciduous add action "..."
[2026-05-19T04:46:01.203Z] REMINDER: No recent action/goal node found. Run: deciduous add goal "..." or deciduous add action "..."
[2026-05-19T04:47:16.336Z] REMINDER: No recent action/goal node found. Run: deciduous add goal "..." or deciduous add action "..."
[2026-05-19T04:47:36.776Z] REMINDER: No recent action/goal node found. Run: deciduous add goal "..." or deciduous add action "..."
[2026-05-19T04:47:53.191Z] REMINDER: No recent action/goal node found. Run: deciduous add goal "..." or deciduous add action "..."
[2026-05-19T04:48:03.759Z] REMINDER: No recent action/goal node found. Run: deciduous add goal "..." or deciduous add action "..."
[2026-05-19T04:48:19.431Z] REMINDER: No recent action/goal node found. Run: deciduous add goal "..." or deciduous add action "..."
[2026-05-19T04:48:24.175Z] REMINDER: No recent action/goal node found. Run: deciduous add goal "..." or deciduous add action "..."
[2026-05-19T04:48:38.138Z] REMINDER: No recent action/goal node found. Run: deciduous add goal "..." or deciduous add action "..."
[2026-05-19T04:48:54.372Z] REMINDER: No recent action/goal node found. Run: deciduous add goal "..." or deciduous add action "..."
[2026-05-19T04:49:17.157Z] REMINDER: No recent action/goal node found. Run: deciduous add goal "..." or deciduous add action "..."
[2026-05-19T04:49:23.879Z] REMINDER: No recent action/goal node found. Run: deciduous add goal "..." or deciduous add action "..."
[2026-05-19T04:51:08.682Z] REMINDER: No recent action/goal node found. Run: deciduous add goal "..." or deciduous add action "..."
[2026-05-19T04:51:20.416Z] REMINDER: No recent action/goal node found. Run: deciduous add goal "..." or deciduous add action "..."
[2026-05-19T04:51:28.199Z] REMINDER: No recent action/goal node found. Run: deciduous add goal "..." or deciduous add action "..."
[2026-05-19T04:51:31.736Z] REMINDER: No recent action/goal node found. Run: deciduous add goal "..." or deciduous add action "..."
[2026-05-19T04:51:35.730Z] REMINDER: No recent action/goal node found. Run: deciduous add goal "..." or deciduous add action "..."
[2026-05-19T04:51:45.399Z] REMINDER: No recent action/goal node found. Run: deciduous add goal "..." or deciduous add action "..."
[2026-05-19T04:51:54.156Z] REMINDER: No recent action/goal node found. Run: deciduous add goal "..." or deciduous add action "..."
[2026-05-19T05:03:21.891Z] REMINDER: No recent action/goal node found. Run: deciduous add goal "..." or deciduous add action "..."
[2026-05-19T05:03:30.919Z] REMINDER: No recent action/goal node found. Run: deciduous add goal "..." or deciduous add action "..."
[2026-05-19T05:03:35.672Z] REMINDER: No recent action/goal node found. Run: deciduous add goal "..." or deciduous add action "..."
[2026-05-19T05:03:38.668Z] REMINDER: No recent action/goal node found. Run: deciduous add goal "..." or deciduous add action "..."
[2026-05-19T05:09:17.118Z] REMINDER: No recent action/goal node found. Run: deciduous add goal "..." or deciduous add action "..."
[2026-05-19T05:09:26.119Z] REMINDER: No recent action/goal node found. Run: deciduous add goal "..." or deciduous add action "..."
[2026-05-19T05:09:30.113Z] REMINDER: No recent action/goal node found. Run: deciduous add goal "..." or deciduous add action "..."
[2026-05-19T05:09:35.332Z] REMINDER: No recent action/goal node found. Run: deciduous add goal "..." or deciduous add action "..."
[2026-05-19T05:09:41.404Z] REMINDER: No recent action/goal node found. Run: deciduous add goal "..." or deciduous add action "..."
[2026-05-19T05:09:50.589Z] REMINDER: No recent action/goal node found. Run: deciduous add goal "..." or deciduous add action "..."
[2026-05-19T05:10:01.511Z] REMINDER: No recent action/goal node found. Run: deciduous add goal "..." or deciduous add action "..."
[2026-05-19T05:10:07.754Z] REMINDER: No recent action/goal node found. Run: deciduous add goal "..." or deciduous add action "..."
[2026-05-19T05:10:11.380Z] REMINDER: No recent action/goal node found. Run: deciduous add goal "..." or deciduous add action "..."
[2026-05-19T05:10:15.113Z] REMINDER: No recent action/goal node found. Run: deciduous add goal "..." or deciduous add action "..."
[2026-05-19T05:10:22.818Z] REMINDER: No recent action/goal node found. Run: deciduous add goal "..." or deciduous add action "..."
[2026-05-19T05:10:27.305Z] REMINDER: No recent action/goal node found. Run: deciduous add goal "..." or deciduous add action "..."
[2026-05-19T05:10:30.847Z] REMINDER: No recent action/goal node found. Run: deciduous add goal "..." or deciduous add action "..."
[2026-05-19T05:10:40.428Z] REMINDER: No recent action/goal node found. Run: deciduous add goal "..." or deciduous add action "..."
[2026-05-19T05:10:44.340Z] REMINDER: No recent action/goal node found. Run: deciduous add goal "..." or deciduous add action "..."
[2026-05-19T05:10:53.718Z] REMINDER: No recent action/goal node found. Run: deciduous add goal "..." or deciduous add action "..."
[2026-05-19T05:10:57.250Z] REMINDER: No recent action/goal node found. Run: deciduous add goal "..." or deciduous add action "..."
[2026-05-19T05:11:01.057Z] REMINDER: No recent action/goal node found. Run: deciduous add goal "..." or deciduous add action "..."
[2026-05-19T05:11:08.938Z] REMINDER: No recent action/goal node found. Run: deciduous add goal "..." or deciduous add action "..."
[2026-05-19T05:12:37.772Z] REMINDER: No recent action/goal node found. Run: deciduous add goal "..." or deciduous add action "..."
[2026-05-19T05:12:49.175Z] REMINDER: No recent action/goal node found. Run: deciduous add goal "..." or deciduous add action "..."
[2026-05-19T05:13:52.564Z] REMINDER: No recent action/goal node found. Run: deciduous add goal "..." or deciduous add action "..."
[2026-05-19T05:13:56.547Z] REMINDER: No recent action/goal node found. Run: deciduous add goal "..." or deciduous add action "..."
[2026-05-19T05:15:38.678Z] REMINDER: No recent action/goal node found. Run: deciduous add goal "..." or deciduous add action "..."
[2026-05-19T05:16:16.423Z] REMINDER: No recent action/goal node found. Run: deciduous add goal "..." or deciduous add action "..."
[2026-05-19T06:05:44.387Z] REMINDER: No recent action/goal node found. Run: deciduous add goal "..." or deciduous add action "..."
[2026-05-19T06:05:44.977Z] REMINDER: No recent action/goal node found. Run: deciduous add goal "..." or deciduous add action "..."
[2026-05-19T06:05:57.964Z] REMINDER: No recent action/goal node found. Run: deciduous add goal "..." or deciduous add action "..."
[2026-05-19T06:05:58.007Z] REMINDER: No recent action/goal node found. Run: deciduous add goal "..." or deciduous add action "..."
[2026-05-19T06:06:50.324Z] REMINDER: No recent action/goal node found. Run: deciduous add goal "..." or deciduous add action "..."
[2026-05-19T06:07:56.051Z] REMINDER: No recent action/goal node found. Run: deciduous add goal "..." or deciduous add action "..."
[2026-05-19T06:08:03.221Z] REMINDER: No recent action/goal node found. Run: deciduous add goal "..." or deciduous add action "..."
[2026-05-19T06:08:14.986Z] REMINDER: No recent action/goal node found. Run: deciduous add goal "..." or deciduous add action "..."
[2026-05-19T06:08:32.553Z] REMINDER: No recent action/goal node found. Run: deciduous add goal "..." or deciduous add action "..."
[2026-05-19T06:08:38.241Z] REMINDER: No recent action/goal node found. Run: deciduous add goal "..." or deciduous add action "..."
[2026-05-19T06:09:33.348Z] REMINDER: No recent action/goal node found. Run: deciduous add goal "..." or deciduous add action "..."
[2026-05-21T20:10:24.663Z] REMINDER: No recent action/goal node found. Run: deciduous add goal "..." or deciduous add action "..."
[2026-05-21T20:10:32.264Z] REMINDER: No recent action/goal node found. Run: deciduous add goal "..." or deciduous add action "..."
[2026-05-21T20:10:36.974Z] REMINDER: No recent action/goal node found. Run: deciduous add goal "..." or deciduous add action "..."
[2026-05-22T00:01:42.548Z] REMINDER: No recent action/goal node found. Run: deciduous add goal "..." or deciduous add action "..."
[2026-05-22T00:01:43.279Z] REMINDER: No recent action/goal node found. Run: deciduous add goal "..." or deciduous add action "..."
[2026-05-24T03:45:37.780Z] POST-COMMIT: 5552e703 "fix(test): restore missing lexicon, fix scenario t" - Run: deciduous add outcome "..." --commit HEAD
